<?xml version="1.0" encoding="UTF-8"?>
<testsuite name="MusicAccountRetrieverTest" tests="1" skipped="0" failures="0" errors="0" timestamp="2024-09-15T18:09:13" hostname="DESKTOP-URGQT26" time="0.038">
  <properties/>
  <testcase name="retrieveAccounts_retrievingResults_correctResults()" classname="MusicAccountRetrieverTest" time="0.038"/>
  <system-out><![CDATA[]]></system-out>
  <system-err><![CDATA[]]></system-err>
</testsuite>
